\BOOKMARK [0][-]{chapter*.2}{\376\377\000R\000e\000s\000u\000m\000o}{}% 1
\BOOKMARK [0][-]{chapter*.3}{\376\377\000A\000b\000s\000t\000r\000a\000c\000t}{}% 2
\BOOKMARK [0][-]{chapter*.4}{\376\377\000A\000g\000r\000a\000d\000e\000c\000i\000m\000e\000n\000t\000o\000s}{}% 3
\BOOKMARK [0][-]{chapter*.5}{\376\377\000N\000o\000m\000e\000n\000c\000l\000a\000t\000u\000r\000a}{}% 4
\BOOKMARK [0][-]{section*.6}{\376\377\000L\000i\000s\000t\000\040\000o\000f\000\040\000F\000i\000g\000u\000r\000e\000s}{}% 5
\BOOKMARK [0][-]{section*.7}{\376\377\000L\000i\000s\000t\000\040\000o\000f\000\040\000T\000a\000b\000l\000e\000s}{}% 6
\BOOKMARK [0][-]{chapter.1}{\376\377\000I\000n\000t\000r\000o\000d\000u\000\347\000\343\000o}{}% 7
\BOOKMARK [1][-]{section.1.1}{\376\377\000E\000n\000q\000u\000a\000d\000r\000a\000m\000e\000n\000t\000o\000\040}{chapter.1}% 8
\BOOKMARK [1][-]{section.1.2}{\376\377\000O\000b\000j\000e\000t\000i\000v\000o\000s\000\040\000e\000\040\000p\000e\000r\000g\000u\000n\000t\000a\000s\000\040\000d\000e\000\040\000i\000n\000v\000e\000s\000t\000i\000g\000a\000\347\000\343\000o\000\040}{chapter.1}% 9
\BOOKMARK [1][-]{section.1.3}{\376\377\000O\000r\000g\000a\000n\000i\000z\000a\000\347\000\343\000o\000\040\000d\000o\000\040\000d\000o\000c\000u\000m\000e\000n\000t\000o\000\040}{chapter.1}% 10
\BOOKMARK [0][-]{chapter.2}{\376\377\000R\000e\000v\000i\000s\000\343\000o\000\040\000b\000i\000b\000l\000i\000o\000g\000r\000\341\000f\000i\000c\000a}{}% 11
\BOOKMARK [0][-]{chapter.3}{\376\377\000C\000o\000n\000t\000e\000x\000t\000o\000s}{}% 12
\BOOKMARK [1][-]{section.3.1}{\376\377\000M\000e\000r\000c\000a\000d\000o\000s\000\040\000d\000e\000\040\000S\000i\000s\000t\000e\000m\000a\000\040}{chapter.3}% 13
\BOOKMARK [1][-]{section.3.2}{\376\377\000M\000I\000B\000E\000L\000\040}{chapter.3}% 14
\BOOKMARK [0][-]{chapter.4}{\376\377\000D\000a\000d\000o\000s}{}% 15
\BOOKMARK [1][-]{section.4.1}{\376\377\000D\000a\000d\000o\000s\000\040\000U\000t\000i\000l\000i\000z\000a\000d\000o\000s\000\040}{chapter.4}% 16
\BOOKMARK [2][-]{subsection.4.1.1}{\376\377\000A\000q\000u\000i\000s\000i\000\347\000\343\000o\000\040\000d\000o\000s\000\040\000D\000a\000d\000o\000s}{section.4.1}% 17
\BOOKMARK [1][-]{section.4.2}{\376\377\000E\000s\000t\000u\000d\000o\000\040\000d\000o\000s\000\040\000d\000a\000d\000o\000s\000\040}{chapter.4}% 18
\BOOKMARK [2][-]{subsection.4.2.1}{\376\377\000C\000o\000r\000r\000e\000l\000a\000\347\000\365\000e\000s}{section.4.2}% 19
\BOOKMARK [3][-]{subsubsection.4.2.1.1}{\376\377\000C\000o\000r\000r\000e\000l\000a\000\347\000\365\000e\000s\000\040\000e\000n\000t\000r\000e\000\040\000a\000t\000r\000i\000b\000u\000t\000o\000s}{subsection.4.2.1}% 20
\BOOKMARK [3][-]{subsubsection.4.2.1.2}{\376\377\000C\000o\000r\000r\000e\000l\000a\000\347\000\365\000e\000s\000\040\000T\000e\000m\000p\000o\000r\000a\000i\000s}{subsection.4.2.1}% 21
\BOOKMARK [2][-]{subsection.4.2.2}{\376\377\000A\000g\000r\000u\000p\000a\000m\000e\000n\000t\000o\000\040}{section.4.2}% 22
\BOOKMARK [1][-]{section.4.3}{\376\377\000T\000r\000a\000t\000a\000m\000e\000n\000t\000o\000\040\000d\000o\000s\000\040\000d\000a\000d\000o\000s\000\040}{chapter.4}% 23
\BOOKMARK [1][-]{section.4.4}{\376\377\000C\000o\000n\000s\000i\000d\000e\000r\000a\000\347\000\365\000e\000s\000\040\000a\000d\000i\000c\000i\000o\000n\000a\000i\000s\000\040}{chapter.4}% 24
\BOOKMARK [0][-]{chapter.5}{\376\377\000A\000r\000q\000u\000i\000t\000e\000c\000t\000u\000r\000a\000s\000\040\000d\000e\000\040\000M\000o\000d\000e\000l\000o\000s}{}% 25
\BOOKMARK [1][-]{section.5.1}{\376\377\000B\000l\000o\000c\000o\000s\000\040}{chapter.5}% 26
\BOOKMARK [2][-]{subsection.5.1.1}{\376\377\000s\000u\000b\000s\000e\000c\000t\000i\000o\000n\000\040\000C\000o\000n\000v\000\040\000\050\000d\000e\000p\000t\000h\000\040\0002\000\051}{section.5.1}% 27
\BOOKMARK [2][-]{subsection.5.1.2}{\376\377\000s\000u\000b\000s\000e\000c\000t\000i\000o\000n\000\040\000C\000N\000N\000\040\000\050\000d\000e\000p\000t\000h\000\040\0002\000\051}{section.5.1}% 28
\BOOKMARK [2][-]{subsection.5.1.3}{\376\377\000s\000u\000b\000s\000e\000c\000t\000i\000o\000n\000\040\000L\000S\000T\000M\000\040\000\050\000d\000e\000p\000t\000h\000\040\0002\000\051}{section.5.1}% 29
\BOOKMARK [1][-]{section.5.2}{\376\377\000C\000N\000N\000\040}{chapter.5}% 30
\BOOKMARK [1][-]{section.5.3}{\376\377\000L\000S\000T\000M\000\040}{chapter.5}% 31
\BOOKMARK [2][-]{subsection.5.3.1}{\376\377\000s\000u\000b\000s\000e\000c\000t\000i\000o\000n\000\040\000t\000i\000t\000l\000e\000\040\000\050\000d\000e\000p\000t\000h\000\040\0002\000\051}{section.5.3}% 32
\BOOKMARK [3][-]{subsubsection.5.3.1.1}{\376\377\000s\000u\000b\000s\000u\000b\000s\000e\000c\000t\000i\000o\000n\000\040\000t\000i\000t\000l\000e\000\040\000\050\000d\000e\000p\000t\000h\000\040\0003\000\051}{subsection.5.3.1}% 33
\BOOKMARK [1][-]{section.5.4}{\376\377\000A\000r\000q\000u\000i\000t\000e\000t\000u\000r\000a\000\040}{chapter.5}% 34
\BOOKMARK [2][-]{subsection.5.4.1}{\376\377\000s\000u\000b\000s\000e\000c\000t\000i\000o\000n\000\040\000t\000i\000t\000l\000e\000\040\000\050\000d\000e\000p\000t\000h\000\040\0002\000\051}{section.5.4}% 35
\BOOKMARK [1][-]{section.5.5}{\376\377\000V\000a\000n\000i\000l\000l\000a\000\040}{chapter.5}% 36
\BOOKMARK [1][-]{section.5.6}{\376\377\000S\000t\000a\000c\000k\000e\000d\000\040}{chapter.5}% 37
\BOOKMARK [1][-]{section.5.7}{\376\377\000M\000u\000l\000t\000i\000H\000e\000a\000d\000\040}{chapter.5}% 38
\BOOKMARK [1][-]{section.5.8}{\376\377\000M\000u\000l\000t\000i\000T\000a\000i\000l\000\040}{chapter.5}% 39
\BOOKMARK [1][-]{section.5.9}{\376\377\000U\000N\000E\000T\000\040}{chapter.5}% 40
\BOOKMARK [1][-]{section.5.10}{\376\377\000C\000o\000n\000s\000i\000d\000e\000r\000a\000\347\000\365\000e\000s\000\040\000a\000d\000i\000c\000i\000o\000n\000a\000i\000s\000\040}{chapter.5}% 41
\BOOKMARK [0][-]{chapter.6}{\376\377\000M\000\351\000t\000o\000d\000o\000s}{}% 42
\BOOKMARK [1][-]{section.6.1}{\376\377\000M\000o\000d\000e\000l\000o\000s\000\040\000e\000s\000t\000a\000t\000i\000s\000c\000o\000s\000\040}{chapter.6}% 43
\BOOKMARK [2][-]{subsection.6.1.1}{\376\377\000s\000u\000b\000s\000e\000c\000t\000i\000o\000n\000\040\000A\000R\000I\000M\000A\000\040\000\050\000d\000e\000p\000t\000h\000\040\0002\000\051}{section.6.1}% 44
\BOOKMARK [2][-]{subsection.6.1.2}{\376\377\000s\000u\000b\000s\000u\000b\000s\000e\000c\000t\000i\000o\000n\000\040\000G\000e\000r\000a\000d\000o\000r\000\040\000d\000e\000\040\000d\000a\000d\000o\000s\000\040\000\050\000d\000e\000p\000t\000h\000\040\0002\000\051}{section.6.1}% 45
\BOOKMARK [1][-]{section.6.2}{\376\377\000F\000o\000r\000e\000c\000a\000t\000\040}{chapter.6}% 46
\BOOKMARK [2][-]{subsection.6.2.1}{\376\377\000s\000u\000b\000s\000e\000c\000t\000i\000o\000n\000\040\000C\000o\000n\000s\000t\000r\000u\000t\000o\000r\000\040\000d\000e\000\040\000m\000o\000d\000e\000l\000o\000s\000\040\000\050\000d\000e\000p\000t\000h\000\040\0002\000\051}{section.6.2}% 47
\BOOKMARK [2][-]{subsection.6.2.2}{\376\377\000s\000u\000b\000s\000u\000b\000s\000e\000c\000t\000i\000o\000n\000\040\000G\000e\000r\000a\000d\000o\000r\000\040\000d\000e\000\040\000d\000a\000d\000o\000s\000\040\000\050\000d\000e\000p\000t\000h\000\040\0002\000\051}{section.6.2}% 48
\BOOKMARK [1][-]{section.6.3}{\376\377\000F\000o\000r\000e\000c\000a\000t\000\040}{chapter.6}% 49
\BOOKMARK [2][-]{subsection.6.3.1}{\376\377\000s\000u\000b\000s\000e\000c\000t\000i\000o\000n\000\040\000C\000o\000n\000s\000t\000r\000u\000t\000o\000r\000\040\000d\000e\000\040\000m\000o\000d\000e\000l\000o\000s\000\040\000\050\000d\000e\000p\000t\000h\000\040\0002\000\051}{section.6.3}% 50
\BOOKMARK [2][-]{subsection.6.3.2}{\376\377\000s\000u\000b\000s\000u\000b\000s\000e\000c\000t\000i\000o\000n\000\040\000G\000e\000r\000a\000d\000o\000r\000\040\000d\000e\000\040\000d\000a\000d\000o\000s\000\040\000\050\000d\000e\000p\000t\000h\000\040\0002\000\051}{section.6.3}% 51
\BOOKMARK [0][-]{chapter.7}{\376\377\000R\000e\000s\000u\000l\000t\000a\000d\000o\000s\000\040\000e\000\040\000d\000i\000s\000c\000u\000s\000s\000\343\000o}{}% 52
\BOOKMARK [0][-]{chapter.8}{\376\377\000C\000o\000n\000c\000l\000u\000s\000\365\000e\000s\000\040\000e\000\040\000s\000u\000g\000e\000s\000t\000\365\000e\000s\000\040\000f\000u\000t\000u\000r\000a\000s}{}% 53
\BOOKMARK [0][-]{chapter.8}{\376\377\000R\000e\000f\000e\000r\000\352\000n\000c\000i\000a\000s}{}% 54
\BOOKMARK [0][-]{appendix.A}{\376\377\000A\000n\000e\000x\000o\000s}{}% 55
